<?xml version="1.0" encoding="UTF-8"?>
<coverage generated="1525487870601" clover="3.2.0">
  <project timestamp="1525487870601" name="All files">
    <metrics statements="13" coveredstatements="11" conditionals="2" coveredconditionals="1" methods="2" coveredmethods="1" elements="17" coveredelements="13" complexity="0" loc="13" ncloc="13" packages="2" files="2" classes="2">
      <package name="tm-vidjot">
        <metrics statements="9" coveredstatements="7" conditionals="2" coveredconditionals="1" methods="1" coveredmethods="0"/>
        <file name="app.js" path="C:\Users\Spyra\_Programming\Learning\tm-vidjot\app.js">
          <metrics statements="9" coveredstatements="7" conditionals="2" coveredconditionals="1" methods="1" coveredmethods="0"/>
          <line num="1" count="1" type="stmt"/>
          <line num="2" count="1" type="stmt"/>
          <line num="4" count="1" type="stmt"/>
          <line num="8" count="1" type="stmt"/>
          <line num="9" count="1" type="stmt"/>
          <line num="13" count="1" type="cond" truecount="1" falsecount="1"/>
          <line num="14" count="0" type="stmt"/>
          <line num="15" count="0" type="stmt"/>
          <line num="18" count="1" type="stmt"/>
        </file>
      </package>
      <package name="tm-vidjot.routes">
        <metrics statements="4" coveredstatements="4" conditionals="0" coveredconditionals="0" methods="1" coveredmethods="1"/>
        <file name="index.js" path="C:\Users\Spyra\_Programming\Learning\tm-vidjot\routes\index.js">
          <metrics statements="4" coveredstatements="4" conditionals="0" coveredconditionals="0" methods="1" coveredmethods="1"/>
          <line num="1" count="1" type="stmt"/>
          <line num="3" count="1" type="stmt"/>
          <line num="4" count="2" type="stmt"/>
          <line num="7" count="1" type="stmt"/>
        </file>
      </package>
    </metrics>
  </project>
</coverage>
